<?xml version="1.0" encoding="UTF-8"?>
<testng-results ignored="0" total="1" passed="1" failed="0" skipped="0">
  <reporter-output>
  </reporter-output>
  <suite started-at="2022-05-31T03:38:57Z" name="Default suite" finished-at="2022-05-31T03:40:16Z" duration-ms="78609">
    <groups>
    </groups>
    <test started-at="2022-05-31T03:38:57Z" name="Default test" finished-at="2022-05-31T03:40:16Z" duration-ms="78609">
      <class name="com.brillio.tests.LoginTest">
        <test-method signature="validCredentilaTest()[pri:0, instance:com.brillio.tests.LoginTest@41c2284a]" started-at="2022-05-31T09:08:57Z" name="validCredentilaTest" finished-at="2022-05-31T09:10:16Z" duration-ms="78552" status="PASS">
          <reporter-output>
          </reporter-output>
        </test-method> <!-- validCredentilaTest -->
      </class> <!-- com.brillio.tests.LoginTest -->
    </test> <!-- Default test -->
  </suite> <!-- Default suite -->
</testng-results>
